#-----------------------------------------------------------
# Vivado v2018.3 (64-bit)
# SW Build 2405991 on Thu Dec  6 23:38:27 MST 2018
# IP Build 2404404 on Fri Dec  7 01:43:56 MST 2018
# Start of session at: Mon Mar 11 22:51:02 2024
# Process ID: 10492
# Current directory: D:/FPGA/FPGAclass/FPGA_Class/06 LED_flash_uav
# Command line: vivado.exe -gui_launcher_event rodinguilauncherevent21452 D:\FPGA\FPGAclass\FPGA_Class\06 LED_flash_uav\LED_flash.xpr
# Log file: D:/FPGA/FPGAclass/FPGA_Class/06 LED_flash_uav/vivado.log
# Journal file: D:/FPGA/FPGAclass/FPGA_Class/06 LED_flash_uav\vivado.jou
#-----------------------------------------------------------
start_gui
open_project {D:/FPGA/FPGAclass/FPGA_Class/06 LED_flash_uav/LED_flash.xpr}
Scanning sources...
Finished scanning sources
INFO: [IP_Flow 19-234] Refreshing IP repositories
INFO: [IP_Flow 19-1704] No user IP repositories specified
INFO: [IP_Flow 19-2313] Loaded Vivado IP repository 'D:/FPGA/Vivado/Vivado/Vivado/2018.3/data/ip'.
update_compile_order -fileset sources_1
launch_runs impl_1 -to_step write_bitstream -jobs 14
[Mon Mar 11 22:51:22 2024] Launched synth_1...
Run output will be captured here: D:/FPGA/FPGAclass/FPGA_Class/06 LED_flash_uav/LED_flash.runs/synth_1/runme.log
[Mon Mar 11 22:51:22 2024] Launched impl_1...
Run output will be captured here: D:/FPGA/FPGAclass/FPGA_Class/06 LED_flash_uav/LED_flash.runs/impl_1/runme.log
open_hw
connect_hw_server
INFO: [Labtools 27-2285] Connecting to hw_server url TCP:localhost:3121
INFO: [Labtools 27-2222] Launching hw_server...
INFO: [Labtools 27-2221] Launch Output:

****** Xilinx hw_server v2018.3
  **** Build date : Dec  7 2018-00:40:27
    ** Copyright 1986-2018 Xilinx, Inc. All Rights Reserved.


disconnect_hw_server localhost:3121
connect_hw_server
INFO: [Labtools 27-2285] Connecting to hw_server url TCP:localhost:3121
open_hw_target
INFO: [Labtoolstcl 44-466] Opening hw_target localhost:3121/xilinx_tcf/Digilent/26FBCDDD8871
current_hw_device [get_hw_devices xc7z020_1]
refresh_hw_device -update_hw_probes false [lindex [get_hw_devices xc7z020_1] 0]
INFO: [Labtools 27-1434] Device xc7z020 (JTAG device index = 1) is programmed with a design that has no supported debug core(s) in it.
open_run impl_1
INFO: [Common 17-41] Interrupt caught. Command should exit soon.
INFO: [Netlist 29-17] Analyzing 6 Unisim elements for replacement
INFO: [Netlist 29-28] Unisim Transformation completed in 0 CPU seconds
INFO: [Project 1-479] Netlist was created with Vivado 2018.3
open_run: Time (s): cpu = 00:00:05 ; elapsed = 00:00:06 . Memory (MB): peak = 1800.938 ; gain = 38.352
INFO: [Common 17-344] 'open_run' was cancelled
set_property PROBES.FILE {} [get_hw_devices xc7z020_1]
set_property FULL_PROBES.FILE {} [get_hw_devices xc7z020_1]
set_property PROGRAM.FILE {D:/FPGA/FPGAclass/FPGA_Class/06 LED_flash_uav/LED_flash.runs/impl_1/LED_flash_1.bit} [get_hw_devices xc7z020_1]
program_hw_devices [get_hw_devices xc7z020_1]
INFO: [Labtools 27-3164] End of startup status: HIGH
refresh_hw_device [lindex [get_hw_devices xc7z020_1] 0]
INFO: [Labtools 27-1434] Device xc7z020 (JTAG device index = 1) is programmed with a design that has no supported debug core(s) in it.
ERROR: [Labtoolstcl 44-513] HW Target shutdown. Closing target: localhost:3121/xilinx_tcf/Digilent/26FBCDDD8871
close_hw
close [ open {D:/FPGA/FPGAclass/FPGA_Class/06 LED_flash_uav/LED_flash.srcs/sources_1/new/LED_flash_2.v} w ]
add_files {{D:/FPGA/FPGAclass/FPGA_Class/06 LED_flash_uav/LED_flash.srcs/sources_1/new/LED_flash_2.v}}
update_compile_order -fileset sources_1
close [ open {D:/FPGA/FPGAclass/FPGA_Class/06 LED_flash_uav/LED_flash.srcs/constrs_1/new/LED_flash1.xdc} w ]
add_files -fileset constrs_1 {{D:/FPGA/FPGAclass/FPGA_Class/06 LED_flash_uav/LED_flash.srcs/constrs_1/new/LED_flash1.xdc}}
set_property SOURCE_SET sources_1 [get_filesets sim_1]
close [ open {D:/FPGA/FPGAclass/FPGA_Class/06 LED_flash_uav/LED_flash.srcs/sim_1/new/LED_flash_2.v} w ]
add_files -fileset sim_1 {{D:/FPGA/FPGAclass/FPGA_Class/06 LED_flash_uav/LED_flash.srcs/sim_1/new/LED_flash_2.v}}
update_compile_order -fileset sim_1
update_compile_order -fileset sim_1
set_property top LED_flash_tb_2 [get_filesets sim_1]
set_property top_lib xil_defaultlib [get_filesets sim_1]
update_compile_order -fileset sim_1
update_compile_order -fileset sim_1
export_ip_user_files -of_objects  [get_files {{D:/FPGA/FPGAclass/FPGA_Class/06 LED_flash_uav/LED_flash.srcs/sources_1/new/LED_flash_2.v}}] -no_script -reset -force -quiet
remove_files  {{D:/FPGA/FPGAclass/FPGA_Class/06 LED_flash_uav/LED_flash.srcs/sources_1/new/LED_flash_2.v}}
update_compile_order -fileset sim_1
update_compile_order -fileset sim_1
export_ip_user_files -of_objects  [get_files {{D:/FPGA/FPGAclass/FPGA_Class/06 LED_flash_uav/LED_flash.srcs/sim_1/new/LED_flash_2.v}}] -no_script -reset -force -quiet
remove_files  -fileset sim_1 {{D:/FPGA/FPGAclass/FPGA_Class/06 LED_flash_uav/LED_flash.srcs/sim_1/new/LED_flash_2.v}}
add_files -norecurse {{D:/FPGA/FPGAclass/FPGA_Class/06 LED_flash_uav/LED_flash.srcs/sources_1/new/LED_flash_2.v}}
update_compile_order -fileset sources_1
set_property SOURCE_SET sources_1 [get_filesets sim_1]
add_files -fileset sim_1 -norecurse {{D:/FPGA/FPGAclass/FPGA_Class/06 LED_flash_uav/LED_flash.srcs/sim_1/new/LED_flash_tb_2.v}}
update_compile_order -fileset sim_1
set_property top LED_flash_tb_2 [get_filesets sim_1]
set_property top_lib xil_defaultlib [get_filesets sim_1]
update_compile_order -fileset sim_1
set_property top LED_flash_2 [current_fileset]
update_compile_order -fileset sources_1
synth_design -rtl -name rtl_1
Command: synth_design -rtl -name rtl_1
Starting synth_design
Using part: xc7z020clg400-1
Top: LED_flash_2
---------------------------------------------------------------------------------
Starting RTL Elaboration : Time (s): cpu = 00:00:02 ; elapsed = 00:00:01 . Memory (MB): peak = 1927.266 ; gain = 51.348
---------------------------------------------------------------------------------
INFO: [Synth 8-6157] synthesizing module 'LED_flash_2' [D:/FPGA/FPGAclass/FPGA_Class/06 LED_flash_uav/LED_flash.srcs/sources_1/new/LED_flash_2.v:3]
	Parameter MCNT bound to: 12500000 - type: integer 
INFO: [Synth 8-6155] done synthesizing module 'LED_flash_2' (1#1) [D:/FPGA/FPGAclass/FPGA_Class/06 LED_flash_uav/LED_flash.srcs/sources_1/new/LED_flash_2.v:3]
---------------------------------------------------------------------------------
Finished RTL Elaboration : Time (s): cpu = 00:00:02 ; elapsed = 00:00:02 . Memory (MB): peak = 1965.578 ; gain = 89.660
---------------------------------------------------------------------------------

Report Check Netlist: 
+------+------------------+-------+---------+-------+------------------+
|      |Item              |Errors |Warnings |Status |Description       |
+------+------------------+-------+---------+-------+------------------+
|1     |multi_driven_nets |      0|        0|Passed |Multi driven nets |
+------+------------------+-------+---------+-------+------------------+
---------------------------------------------------------------------------------
Start Handling Custom Attributes
---------------------------------------------------------------------------------
---------------------------------------------------------------------------------
Finished Handling Custom Attributes : Time (s): cpu = 00:00:02 ; elapsed = 00:00:02 . Memory (MB): peak = 1965.578 ; gain = 89.660
---------------------------------------------------------------------------------
---------------------------------------------------------------------------------
Finished RTL Optimization Phase 1 : Time (s): cpu = 00:00:02 ; elapsed = 00:00:02 . Memory (MB): peak = 1965.578 ; gain = 89.660
---------------------------------------------------------------------------------
INFO: [Device 21-403] Loading part xc7z020clg400-1
INFO: [Project 1-570] Preparing netlist for logic optimization

Processing XDC Constraints
Initializing timing engine
Parsing XDC File [D:/FPGA/FPGAclass/FPGA_Class/06 LED_flash_uav/LED_flash.srcs/constrs_1/new/LED_flash.xdc]
Finished Parsing XDC File [D:/FPGA/FPGAclass/FPGA_Class/06 LED_flash_uav/LED_flash.srcs/constrs_1/new/LED_flash.xdc]
Parsing XDC File [D:/FPGA/FPGAclass/FPGA_Class/06 LED_flash_uav/LED_flash.srcs/constrs_1/new/LED_flash1.xdc]
Finished Parsing XDC File [D:/FPGA/FPGAclass/FPGA_Class/06 LED_flash_uav/LED_flash.srcs/constrs_1/new/LED_flash1.xdc]
Completed Processing XDC Constraints

INFO: [Opt 31-138] Pushed 0 inverter(s) to 0 load pin(s).
Netlist sorting complete. Time (s): cpu = 00:00:00 ; elapsed = 00:00:00 . Memory (MB): peak = 2233.512 ; gain = 0.000
INFO: [Project 1-111] Unisim Transformation Summary:
No Unisim elements were transformed.

RTL Elaboration Complete:  : Time (s): cpu = 00:00:11 ; elapsed = 00:00:06 . Memory (MB): peak = 2323.992 ; gain = 448.074
6 Infos, 0 Warnings, 0 Critical Warnings and 0 Errors encountered.
synth_design completed successfully
synth_design: Time (s): cpu = 00:00:11 ; elapsed = 00:00:06 . Memory (MB): peak = 2323.992 ; gain = 448.074
launch_simulation
INFO: [Vivado 12-5682] Launching behavioral simulation in 'D:/FPGA/FPGAclass/FPGA_Class/06 LED_flash_uav/LED_flash.sim/sim_1/behav/xsim'
INFO: [SIM-utils-51] Simulation object is 'sim_1'
INFO: [SIM-utils-54] Inspecting design source files for 'LED_flash_tb_2' in fileset 'sim_1'...
INFO: [USF-XSim-97] Finding global include files...
INFO: [USF-XSim-98] Fetching design files from 'sim_1'...
INFO: [USF-XSim-2] XSim::Compile design
INFO: [USF-XSim-61] Executing 'COMPILE and ANALYZE' step in 'D:/FPGA/FPGAclass/FPGA_Class/06 LED_flash_uav/LED_flash.sim/sim_1/behav/xsim'
"xvlog --incr --relax -prj LED_flash_tb_2_vlog.prj"
INFO: [VRFC 10-2263] Analyzing Verilog file "D:/FPGA/FPGAclass/FPGA_Class/06 LED_flash_uav/LED_flash.srcs/sources_1/new/LED_flash_2.v" into library xil_defaultlib
INFO: [VRFC 10-311] analyzing module LED_flash_2
INFO: [VRFC 10-2263] Analyzing Verilog file "D:/FPGA/FPGAclass/FPGA_Class/06 LED_flash_uav/LED_flash.srcs/sim_1/new/LED_flash_tb_2.v" into library xil_defaultlib
INFO: [VRFC 10-311] analyzing module LED_flash_tb_2
INFO: [VRFC 10-2263] Analyzing Verilog file "D:/FPGA/FPGAclass/FPGA_Class/06 LED_flash_uav/LED_flash.sim/sim_1/behav/xsim/glbl.v" into library xil_defaultlib
INFO: [VRFC 10-311] analyzing module glbl
INFO: [USF-XSim-69] 'compile' step finished in '1' seconds
INFO: [USF-XSim-3] XSim::Elaborate design
INFO: [USF-XSim-61] Executing 'ELABORATE' step in 'D:/FPGA/FPGAclass/FPGA_Class/06 LED_flash_uav/LED_flash.sim/sim_1/behav/xsim'
Vivado Simulator 2018.3
Copyright 1986-1999, 2001-2018 Xilinx, Inc. All Rights Reserved.
Running: D:/FPGA/Vivado/Vivado/Vivado/2018.3/bin/unwrapped/win64.o/xelab.exe -wto 01325d3084cb4545b5b528a591879df1 --incr --debug typical --relax --mt 2 -L xil_defaultlib -L unisims_ver -L unimacro_ver -L secureip --snapshot LED_flash_tb_2_behav xil_defaultlib.LED_flash_tb_2 xil_defaultlib.glbl -log elaborate.log 
Using 2 slave threads.
Starting static elaboration
Completed static elaboration
Starting simulation data flow analysis
WARNING: [XSIM 43-4099] "D:/FPGA/FPGAclass/FPGA_Class/06 LED_flash_uav/LED_flash.srcs/sources_1/new/LED_flash_2.v" Line 3. Module LED_flash_2(MCNT=12500) doesn't have a timescale but at least one module in design has a timescale.
Completed simulation data flow analysis
Time Resolution for simulation is 1ps
Compiling module xil_defaultlib.LED_flash_2(MCNT=12500)
Compiling module xil_defaultlib.LED_flash_tb_2
Compiling module xil_defaultlib.glbl
Built simulation snapshot LED_flash_tb_2_behav

****** Webtalk v2018.3 (64-bit)
  **** SW Build 2405991 on Thu Dec  6 23:38:27 MST 2018
  **** IP Build 2404404 on Fri Dec  7 01:43:56 MST 2018
    ** Copyright 1986-2018 Xilinx, Inc. All Rights Reserved.

source D:/FPGA/FPGAclass/FPGA_Class/06 -notrace
invalid command name "%"
    while executing
"% Total    % Received % Xferd  Average Speed   Time    Time     Time  Current"
    (file "D:/FPGA/FPGAclass/FPGA_Class/06" line 1)
INFO: [Common 17-206] Exiting Webtalk at Mon Mar 11 23:21:19 2024...
INFO: [USF-XSim-69] 'elaborate' step finished in '2' seconds
INFO: [USF-XSim-4] XSim::Simulate design
INFO: [USF-XSim-61] Executing 'SIMULATE' step in 'D:/FPGA/FPGAclass/FPGA_Class/06 LED_flash_uav/LED_flash.sim/sim_1/behav/xsim'
INFO: [USF-XSim-98] *** Running xsim
   with args "LED_flash_tb_2_behav -key {Behavioral:sim_1:Functional:LED_flash_tb_2} -tclbatch {LED_flash_tb_2.tcl} -log {simulate.log}"
INFO: [USF-XSim-8] Loading simulator feature
Vivado Simulator 2018.3
Time resolution is 1 ps
source LED_flash_tb_2.tcl
# set curr_wave [current_wave_config]
# if { [string length $curr_wave] == 0 } {
#   if { [llength [get_objects]] > 0} {
#     add_wave /
#     set_property needs_save false [current_wave_config]
#   } else {
#      send_msg_id Add_Wave-1 WARNING "No top level signals found. Simulator will start without a wave window. If you want to open a wave window go to 'File->New Waveform Configuration' or type 'create_wave_config' in the TCL console."
#   }
# }
# run 1000ns
INFO: [USF-XSim-96] XSim completed. Design snapshot 'LED_flash_tb_2_behav' loaded.
INFO: [USF-XSim-97] XSim simulation ran for 1000ns
launch_simulation: Time (s): cpu = 00:00:05 ; elapsed = 00:00:06 . Memory (MB): peak = 2343.074 ; gain = 17.516
run all
reset_project
close_sim
INFO: [Simtcl 6-16] Simulation closed
exit
INFO: [Common 17-206] Exiting Vivado at Mon Mar 11 23:24:44 2024...
