#-----------------------------------------------------------
# Vivado v2018.3 (64-bit)
# SW Build 2405991 on Thu Dec  6 23:38:27 MST 2018
# IP Build 2404404 on Fri Dec  7 01:43:56 MST 2018
# Start of session at: Sun Mar 10 21:55:03 2024
# Process ID: 8760
# Current directory: D:/FPGA/FPGAclass/FPGA_Class/06 LED_flash_uav
# Command line: vivado.exe -gui_launcher_event rodinguilauncherevent21280 D:\FPGA\FPGAclass\FPGA_Class\06 LED_flash_uav\LED_flash.xpr
# Log file: D:/FPGA/FPGAclass/FPGA_Class/06 LED_flash_uav/vivado.log
# Journal file: D:/FPGA/FPGAclass/FPGA_Class/06 LED_flash_uav\vivado.jou
#-----------------------------------------------------------
start_gui
open_project {D:/FPGA/FPGAclass/FPGA_Class/06 LED_flash_uav/LED_flash.xpr}
INFO: [Project 1-313] Project file moved from 'D:/FPGA/FPGAclass/FPGA_Class/04 LED_flash' since last save.
Scanning sources...
Finished scanning sources
INFO: [IP_Flow 19-234] Refreshing IP repositories
INFO: [IP_Flow 19-1704] No user IP repositories specified
INFO: [IP_Flow 19-2313] Loaded Vivado IP repository 'D:/FPGA/Vivado/Vivado/Vivado/2018.3/data/ip'.
update_compile_order -fileset sources_1
exit
INFO: [Common 17-206] Exiting Vivado at Sun Mar 10 21:56:40 2024...
