#-----------------------------------------------------------
# Vivado v2018.3 (64-bit)
# SW Build 2405991 on Thu Dec  6 23:38:27 MST 2018
# IP Build 2404404 on Fri Dec  7 01:43:56 MST 2018
# Start of session at: Sun Mar 10 16:30:22 2024
# Process ID: 7544
# Current directory: D:/FPGA/FPGAclass/FPGA_Class/04 LED_flash
# Command line: vivado.exe -gui_launcher_event rodinguilauncherevent13272 D:\FPGA\FPGAclass\FPGA_Class\04 LED_flash\LED_flash.xpr
# Log file: D:/FPGA/FPGAclass/FPGA_Class/04 LED_flash/vivado.log
# Journal file: D:/FPGA/FPGAclass/FPGA_Class/04 LED_flash\vivado.jou
#-----------------------------------------------------------
start_gui
open_project {D:/FPGA/FPGAclass/FPGA_Class/04 LED_flash/LED_flash.xpr}
INFO: [Project 1-313] Project file moved from 'D:/FPGA/FPGAclass/FPGA_Class/LED_flash' since last save.
Scanning sources...
Finished scanning sources
INFO: [IP_Flow 19-234] Refreshing IP repositories
INFO: [IP_Flow 19-1704] No user IP repositories specified
INFO: [IP_Flow 19-2313] Loaded Vivado IP repository 'D:/FPGA/Vivado/Vivado/Vivado/2018.3/data/ip'.
update_compile_order -fileset sources_1
launch_simulation
INFO: [Vivado 12-5682] Launching behavioral simulation in 'D:/FPGA/FPGAclass/FPGA_Class/04 LED_flash/LED_flash.sim/sim_1/behav/xsim'
INFO: [SIM-utils-51] Simulation object is 'sim_1'
INFO: [SIM-utils-54] Inspecting design source files for 'LED_flash_tb' in fileset 'sim_1'...
INFO: [USF-XSim-97] Finding global include files...
INFO: [USF-XSim-98] Fetching design files from 'sim_1'...
INFO: [USF-XSim-2] XSim::Compile design
INFO: [USF-XSim-61] Executing 'COMPILE and ANALYZE' step in 'D:/FPGA/FPGAclass/FPGA_Class/04 LED_flash/LED_flash.sim/sim_1/behav/xsim'
"xvlog --incr --relax -prj LED_flash_tb_vlog.prj"
INFO: [VRFC 10-2263] Analyzing Verilog file "D:/FPGA/FPGAclass/FPGA_Class/04 LED_flash/LED_flash.srcs/sources_1/imports/Desktop/LED_flash.v" into library xil_defaultlib
INFO: [VRFC 10-311] analyzing module LED_flash
INFO: [VRFC 10-2263] Analyzing Verilog file "D:/FPGA/FPGAclass/FPGA_Class/04 LED_flash/LED_flash.srcs/sim_1/imports/Desktop/LED_flash_tb.v" into library xil_defaultlib
INFO: [VRFC 10-311] analyzing module LED_flash_tb
INFO: [VRFC 10-2263] Analyzing Verilog file "D:/FPGA/FPGAclass/FPGA_Class/04 LED_flash/LED_flash.sim/sim_1/behav/xsim/glbl.v" into library xil_defaultlib
INFO: [VRFC 10-311] analyzing module glbl
INFO: [USF-XSim-69] 'compile' step finished in '1' seconds
INFO: [USF-XSim-3] XSim::Elaborate design
INFO: [USF-XSim-61] Executing 'ELABORATE' step in 'D:/FPGA/FPGAclass/FPGA_Class/04 LED_flash/LED_flash.sim/sim_1/behav/xsim'
Vivado Simulator 2018.3
Copyright 1986-1999, 2001-2018 Xilinx, Inc. All Rights Reserved.
Running: D:/FPGA/Vivado/Vivado/Vivado/2018.3/bin/unwrapped/win64.o/xelab.exe -wto 01325d3084cb4545b5b528a591879df1 --incr --debug typical --relax --mt 2 -L xil_defaultlib -L unisims_ver -L unimacro_ver -L secureip --snapshot LED_flash_tb_behav xil_defaultlib.LED_flash_tb xil_defaultlib.glbl -log elaborate.log 
Using 2 slave threads.
Starting static elaboration
Completed static elaboration
Starting simulation data flow analysis
WARNING: [XSIM 43-4099] "D:/FPGA/FPGAclass/FPGA_Class/04 LED_flash/LED_flash.srcs/sources_1/imports/Desktop/LED_flash.v" Line 1. Module LED_flash doesn't have a timescale but at least one module in design has a timescale.
Completed simulation data flow analysis
Time Resolution for simulation is 1ps
Compiling module xil_defaultlib.LED_flash
Compiling module xil_defaultlib.LED_flash_tb
Compiling module xil_defaultlib.glbl
Built simulation snapshot LED_flash_tb_behav

****** Webtalk v2018.3 (64-bit)
  **** SW Build 2405991 on Thu Dec  6 23:38:27 MST 2018
  **** IP Build 2404404 on Fri Dec  7 01:43:56 MST 2018
    ** Copyright 1986-2018 Xilinx, Inc. All Rights Reserved.

source D:/FPGA/FPGAclass/FPGA_Class/04 -notrace
couldn't read file "D:/FPGA/FPGAclass/FPGA_Class/04": no such file or directory
INFO: [Common 17-206] Exiting Webtalk at Sun Mar 10 16:30:42 2024...
INFO: [USF-XSim-69] 'elaborate' step finished in '2' seconds
INFO: [USF-XSim-4] XSim::Simulate design
INFO: [USF-XSim-61] Executing 'SIMULATE' step in 'D:/FPGA/FPGAclass/FPGA_Class/04 LED_flash/LED_flash.sim/sim_1/behav/xsim'
INFO: [USF-XSim-98] *** Running xsim
   with args "LED_flash_tb_behav -key {Behavioral:sim_1:Functional:LED_flash_tb} -tclbatch {LED_flash_tb.tcl} -log {simulate.log}"
INFO: [USF-XSim-8] Loading simulator feature
Vivado Simulator 2018.3
Time resolution is 1 ps
source LED_flash_tb.tcl
# set curr_wave [current_wave_config]
# if { [string length $curr_wave] == 0 } {
#   if { [llength [get_objects]] > 0} {
#     add_wave /
#     set_property needs_save false [current_wave_config]
#   } else {
#      send_msg_id Add_Wave-1 WARNING "No top level signals found. Simulator will start without a wave window. If you want to open a wave window go to 'File->New Waveform Configuration' or type 'create_wave_config' in the TCL console."
#   }
# }
# run 1000ns
INFO: [USF-XSim-96] XSim completed. Design snapshot 'LED_flash_tb_behav' loaded.
INFO: [USF-XSim-97] XSim simulation ran for 1000ns
launch_simulation: Time (s): cpu = 00:00:05 ; elapsed = 00:00:06 . Memory (MB): peak = 817.535 ; gain = 42.191
run all
run: Time (s): cpu = 00:01:24 ; elapsed = 00:01:31 . Memory (MB): peak = 817.535 ; gain = 0.000
close_sim
INFO: [Simtcl 6-16] Simulation closed
exit
INFO: [Common 17-206] Exiting Vivado at Sun Mar 10 16:32:38 2024...
