#-----------------------------------------------------------
# Vivado v2018.3 (64-bit)
# SW Build 2405991 on Thu Dec  6 23:38:27 MST 2018
# IP Build 2404404 on Fri Dec  7 01:43:56 MST 2018
# Start of session at: Sun Mar 10 19:16:36 2024
# Process ID: 21508
# Current directory: D:/FPGA/FPGAclass/FPGA_Class/04 LED_flash
# Command line: vivado.exe -gui_launcher_event rodinguilauncherevent5480 D:\FPGA\FPGAclass\FPGA_Class\04 LED_flash\LED_flash.xpr
# Log file: D:/FPGA/FPGAclass/FPGA_Class/04 LED_flash/vivado.log
# Journal file: D:/FPGA/FPGAclass/FPGA_Class/04 LED_flash\vivado.jou
#-----------------------------------------------------------
start_gui
open_project {D:/FPGA/FPGAclass/FPGA_Class/04 LED_flash/LED_flash.xpr}
Scanning sources...
Finished scanning sources
INFO: [IP_Flow 19-234] Refreshing IP repositories
INFO: [IP_Flow 19-1704] No user IP repositories specified
INFO: [IP_Flow 19-2313] Loaded Vivado IP repository 'D:/FPGA/Vivado/Vivado/Vivado/2018.3/data/ip'.
update_compile_order -fileset sources_1
reset_project
reset_project
reset_project
reset_project
reset_project
exit
INFO: [Common 17-206] Exiting Vivado at Sun Mar 10 19:17:12 2024...
