#-----------------------------------------------------------
# Vivado v2018.3 (64-bit)
# SW Build 2405991 on Thu Dec  6 23:38:27 MST 2018
# IP Build 2404404 on Fri Dec  7 01:43:56 MST 2018
# Start of session at: Mon Mar 11 14:37:31 2024
# Process ID: 11840
# Current directory: D:/FPGA/FPGAclass/FPGA_Class/05 LED_run
# Command line: vivado.exe -gui_launcher_event rodinguilauncherevent6776 D:\FPGA\FPGAclass\FPGA_Class\05 LED_run\LED_run.xpr
# Log file: D:/FPGA/FPGAclass/FPGA_Class/05 LED_run/vivado.log
# Journal file: D:/FPGA/FPGAclass/FPGA_Class/05 LED_run\vivado.jou
#-----------------------------------------------------------
start_gui
open_project {D:/FPGA/FPGAclass/FPGA_Class/05 LED_run/LED_run.xpr}
Scanning sources...
Finished scanning sources
INFO: [IP_Flow 19-234] Refreshing IP repositories
INFO: [IP_Flow 19-1704] No user IP repositories specified
INFO: [IP_Flow 19-2313] Loaded Vivado IP repository 'D:/FPGA/Vivado/Vivado/Vivado/2018.3/data/ip'.
update_compile_order -fileset sources_1
reset_project
reset_project
exit
INFO: [Common 17-206] Exiting Vivado at Mon Mar 11 14:38:12 2024...
